<?xml version="1.0" encoding="UTF-8"?>
<!-- Generated by org.testng.reporters.JUnitReportReporter -->
<testsuite hostname="MIS" name="selenium.test.App" tests="2" failures="0" timestamp="5 May 2017 08:22:39 GMT" time="41.076" errors="0">
  <testcase name="verifyHomePageTitle" time="40.975" classname="selenium.test.App"/>
  <testcase name="verifyLogo" time="0.101" classname="selenium.test.App"/>
</testsuite> <!-- selenium.test.App -->
